This file contains any messages produced by compilers while
running configure, to aid debugging if configure makes a mistake.

It was created by libbnxtre configure 20.6.1.2, which was
generated by GNU Autoconf 2.69.  Invocation command line was

  $ ./configure 

## --------- ##
## Platform. ##
## --------- ##

hostname = h082
uname -m = x86_64
uname -r = 3.10.0-514.26.2.el7.x86_64
uname -s = Linux
uname -v = #1 SMP Wed Jul 5 08:40:24 CDT 2017

/usr/bin/uname -p = x86_64
/bin/uname -X     = unknown

/bin/arch              = x86_64
/usr/bin/arch -k       = unknown
/usr/convex/getsysinfo = unknown
/usr/bin/hostinfo      = unknown
/bin/machine           = unknown
/usr/bin/oslevel       = unknown
/bin/universe          = unknown

PATH: /usr/local/sbin
PATH: /usr/local/bin
PATH: /usr/sbin
PATH: /usr/bin
PATH: /root/bin


## ----------- ##
## Core tests. ##
## ----------- ##

configure:2436: checking for a BSD-compatible install
configure:2504: result: /usr/bin/install -c
configure:2515: checking whether build environment is sane
configure:2570: result: yes
configure:2721: checking for a thread-safe mkdir -p
configure:2760: result: /usr/bin/mkdir -p
configure:2767: checking for gawk
configure:2783: found /usr/bin/gawk
configure:2794: result: gawk
configure:2805: checking whether make sets $(MAKE)
configure:2827: result: yes
configure:2856: checking whether make supports nested variables
configure:2873: result: yes
configure:2986: checking build system type
configure:3000: result: x86_64-unknown-linux-gnu
configure:3020: checking host system type
configure:3033: result: x86_64-unknown-linux-gnu
configure:3074: checking how to print strings
configure:3101: result: printf
configure:3134: checking for style of include used by make
configure:3162: result: GNU
configure:3233: checking for gcc
configure:3249: found /usr/bin/gcc
configure:3260: result: gcc
configure:3489: checking for C compiler version
configure:3498: gcc --version >&5
gcc (GCC) 4.8.5 20150623 (Red Hat 4.8.5-11)
Copyright (C) 2015 Free Software Foundation, Inc.
This is free software; see the source for copying conditions.  There is NO
warranty; not even for MERCHANTABILITY or FITNESS FOR A PARTICULAR PURPOSE.

configure:3509: $? = 0
configure:3498: gcc -v >&5
Using built-in specs.
COLLECT_GCC=gcc
COLLECT_LTO_WRAPPER=/usr/libexec/gcc/x86_64-redhat-linux/4.8.5/lto-wrapper
Target: x86_64-redhat-linux
Configured with: ../configure --prefix=/usr --mandir=/usr/share/man --infodir=/usr/share/info --with-bugurl=http://bugzilla.redhat.com/bugzilla --enable-bootstrap --enable-shared --enable-threads=posix --enable-checking=release --with-system-zlib --enable-__cxa_atexit --disable-libunwind-exceptions --enable-gnu-unique-object --enable-linker-build-id --with-linker-hash-style=gnu --enable-languages=c,c++,objc,obj-c++,java,fortran,ada,go,lto --enable-plugin --enable-initfini-array --disable-libgcj --with-isl=/builddir/build/BUILD/gcc-4.8.5-20150702/obj-x86_64-redhat-linux/isl-install --with-cloog=/builddir/build/BUILD/gcc-4.8.5-20150702/obj-x86_64-redhat-linux/cloog-install --enable-gnu-indirect-function --with-tune=generic --with-arch_32=x86-64 --build=x86_64-redhat-linux
Thread model: posix
gcc version 4.8.5 20150623 (Red Hat 4.8.5-11) (GCC) 
configure:3509: $? = 0
configure:3498: gcc -V >&5
gcc: error: unrecognized command line option '-V'
gcc: fatal error: no input files
compilation terminated.
configure:3509: $? = 4
configure:3498: gcc -qversion >&5
gcc: error: unrecognized command line option '-qversion'
gcc: fatal error: no input files
compilation terminated.
configure:3509: $? = 4
configure:3529: checking whether the C compiler works
configure:3551: gcc    conftest.c  >&5
configure:3555: $? = 0
configure:3603: result: yes
configure:3606: checking for C compiler default output file name
configure:3608: result: a.out
configure:3614: checking for suffix of executables
configure:3621: gcc -o conftest    conftest.c  >&5
configure:3625: $? = 0
configure:3647: result: 
configure:3669: checking whether we are cross compiling
configure:3677: gcc -o conftest    conftest.c  >&5
configure:3681: $? = 0
configure:3688: ./conftest
configure:3692: $? = 0
configure:3707: result: no
configure:3712: checking for suffix of object files
configure:3734: gcc -c   conftest.c >&5
configure:3738: $? = 0
configure:3759: result: o
configure:3763: checking whether we are using the GNU C compiler
configure:3782: gcc -c   conftest.c >&5
configure:3782: $? = 0
configure:3791: result: yes
configure:3800: checking whether gcc accepts -g
configure:3820: gcc -c -g  conftest.c >&5
configure:3820: $? = 0
configure:3861: result: yes
configure:3878: checking for gcc option to accept ISO C89
configure:3941: gcc  -c -g -O2  conftest.c >&5
configure:3941: $? = 0
configure:3954: result: none needed
configure:3976: checking dependency style of gcc
configure:4087: result: gcc3
configure:4102: checking for a sed that does not truncate output
configure:4166: result: /usr/bin/sed
configure:4184: checking for grep that handles long lines and -e
configure:4242: result: /usr/bin/grep
configure:4247: checking for egrep
configure:4309: result: /usr/bin/grep -E
configure:4314: checking for fgrep
configure:4376: result: /usr/bin/grep -F
configure:4411: checking for ld used by gcc
configure:4478: result: /usr/bin/ld
configure:4485: checking if the linker (/usr/bin/ld) is GNU ld
configure:4500: result: yes
configure:4512: checking for BSD- or MS-compatible name lister (nm)
configure:4561: result: /usr/bin/nm -B
configure:4691: checking the name lister (/usr/bin/nm -B) interface
configure:4698: gcc -c -g -O2  conftest.c >&5
configure:4701: /usr/bin/nm -B "conftest.o"
configure:4704: output
0000000000000000 B some_variable
configure:4711: result: BSD nm
configure:4714: checking whether ln -s works
configure:4718: result: yes
configure:4726: checking the maximum length of command line arguments
configure:4856: result: 1572864
configure:4873: checking whether the shell understands some XSI constructs
configure:4883: result: yes
configure:4887: checking whether the shell understands "+="
configure:4893: result: yes
configure:4928: checking how to convert x86_64-unknown-linux-gnu file names to x86_64-unknown-linux-gnu format
configure:4968: result: func_convert_file_noop
configure:4975: checking how to convert x86_64-unknown-linux-gnu file names to toolchain format
configure:4995: result: func_convert_file_noop
configure:5002: checking for /usr/bin/ld option to reload object files
configure:5009: result: -r
configure:5083: checking for objdump
configure:5099: found /usr/bin/objdump
configure:5110: result: objdump
configure:5142: checking how to recognize dependent libraries
configure:5344: result: pass_all
configure:5429: checking for dlltool
configure:5459: result: no
configure:5489: checking how to associate runtime and link libraries
configure:5516: result: printf %s\n
configure:5577: checking for ar
configure:5593: found /usr/bin/ar
configure:5604: result: ar
configure:5641: checking for archiver @FILE support
configure:5658: gcc -c -g -O2  conftest.c >&5
configure:5658: $? = 0
configure:5661: ar cru libconftest.a @conftest.lst >&5
configure:5664: $? = 0
configure:5669: ar cru libconftest.a @conftest.lst >&5
ar: conftest.o: No such file or directory
configure:5672: $? = 1
configure:5684: result: @
configure:5742: checking for strip
configure:5758: found /usr/bin/strip
configure:5769: result: strip
configure:5841: checking for ranlib
configure:5857: found /usr/bin/ranlib
configure:5868: result: ranlib
configure:5970: checking command to parse /usr/bin/nm -B output from gcc object
configure:6090: gcc -c -g -O2  conftest.c >&5
configure:6093: $? = 0
configure:6097: /usr/bin/nm -B conftest.o \| sed -n -e 's/^.*[ ]\([ABCDGIRSTW][ABCDGIRSTW]*\)[ ][ ]*\([_A-Za-z][_A-Za-z0-9]*\)$/\1 \2 \2/p' | sed '/ __gnu_lto/d' \> conftest.nm
configure:6100: $? = 0
configure:6166: gcc -o conftest -g -O2   conftest.c conftstm.o >&5
configure:6169: $? = 0
configure:6207: result: ok
configure:6244: checking for sysroot
configure:6274: result: no
configure:6351: gcc -c -g -O2  conftest.c >&5
configure:6354: $? = 0
configure:6530: checking for mt
configure:6560: result: no
configure:6580: checking if : is a manifest tool
configure:6586: : '-?'
configure:6594: result: no
configure:7236: checking how to run the C preprocessor
configure:7267: gcc -E  conftest.c
configure:7267: $? = 0
configure:7281: gcc -E  conftest.c
conftest.c:11:28: fatal error: ac_nonexistent.h: No such file or directory
 #include <ac_nonexistent.h>
                            ^
compilation terminated.
configure:7281: $? = 1
configure: failed program was:
| /* confdefs.h */
| #define PACKAGE_NAME "libbnxtre"
| #define PACKAGE_TARNAME "libbnxtre"
| #define PACKAGE_VERSION "20.6.1.2"
| #define PACKAGE_STRING "libbnxtre 20.6.1.2"
| #define PACKAGE_BUGREPORT ""
| #define PACKAGE_URL ""
| #define PACKAGE "libbnxtre"
| #define VERSION "20.6.1.2"
| /* end confdefs.h.  */
| #include <ac_nonexistent.h>
configure:7306: result: gcc -E
configure:7326: gcc -E  conftest.c
configure:7326: $? = 0
configure:7340: gcc -E  conftest.c
conftest.c:11:28: fatal error: ac_nonexistent.h: No such file or directory
 #include <ac_nonexistent.h>
                            ^
compilation terminated.
configure:7340: $? = 1
configure: failed program was:
| /* confdefs.h */
| #define PACKAGE_NAME "libbnxtre"
| #define PACKAGE_TARNAME "libbnxtre"
| #define PACKAGE_VERSION "20.6.1.2"
| #define PACKAGE_STRING "libbnxtre 20.6.1.2"
| #define PACKAGE_BUGREPORT ""
| #define PACKAGE_URL ""
| #define PACKAGE "libbnxtre"
| #define VERSION "20.6.1.2"
| /* end confdefs.h.  */
| #include <ac_nonexistent.h>
configure:7369: checking for ANSI C header files
configure:7389: gcc -c -g -O2  conftest.c >&5
configure:7389: $? = 0
configure:7462: gcc -o conftest -g -O2   conftest.c  >&5
configure:7462: $? = 0
configure:7462: ./conftest
configure:7462: $? = 0
configure:7473: result: yes
configure:7486: checking for sys/types.h
configure:7486: gcc -c -g -O2  conftest.c >&5
configure:7486: $? = 0
configure:7486: result: yes
configure:7486: checking for sys/stat.h
configure:7486: gcc -c -g -O2  conftest.c >&5
configure:7486: $? = 0
configure:7486: result: yes
configure:7486: checking for stdlib.h
configure:7486: gcc -c -g -O2  conftest.c >&5
configure:7486: $? = 0
configure:7486: result: yes
configure:7486: checking for string.h
configure:7486: gcc -c -g -O2  conftest.c >&5
configure:7486: $? = 0
configure:7486: result: yes
configure:7486: checking for memory.h
configure:7486: gcc -c -g -O2  conftest.c >&5
configure:7486: $? = 0
configure:7486: result: yes
configure:7486: checking for strings.h
configure:7486: gcc -c -g -O2  conftest.c >&5
configure:7486: $? = 0
configure:7486: result: yes
configure:7486: checking for inttypes.h
configure:7486: gcc -c -g -O2  conftest.c >&5
configure:7486: $? = 0
configure:7486: result: yes
configure:7486: checking for stdint.h
configure:7486: gcc -c -g -O2  conftest.c >&5
configure:7486: $? = 0
configure:7486: result: yes
configure:7486: checking for unistd.h
configure:7486: gcc -c -g -O2  conftest.c >&5
configure:7486: $? = 0
configure:7486: result: yes
configure:7500: checking for dlfcn.h
configure:7500: gcc -c -g -O2  conftest.c >&5
configure:7500: $? = 0
configure:7500: result: yes
configure:7706: checking for objdir
configure:7721: result: .libs
configure:7988: checking if gcc supports -fno-rtti -fno-exceptions
configure:8006: gcc -c -g -O2  -fno-rtti -fno-exceptions conftest.c >&5
cc1: warning: command line option '-fno-rtti' is valid for C++/ObjC++ but not for C [enabled by default]
configure:8010: $? = 0
configure:8023: result: no
configure:8350: checking for gcc option to produce PIC
configure:8357: result: -fPIC -DPIC
configure:8365: checking if gcc PIC flag -fPIC -DPIC works
configure:8383: gcc -c -g -O2  -fPIC -DPIC -DPIC conftest.c >&5
configure:8387: $? = 0
configure:8400: result: yes
configure:8429: checking if gcc static flag -static works
configure:8457: result: no
configure:8472: checking if gcc supports -c -o file.o
configure:8493: gcc -c -g -O2  -o out/conftest2.o conftest.c >&5
configure:8497: $? = 0
configure:8519: result: yes
configure:8527: checking if gcc supports -c -o file.o
configure:8574: result: yes
configure:8607: checking whether the gcc linker (/usr/bin/ld -m elf_x86_64) supports shared libraries
configure:9760: result: yes
configure:9797: checking whether -lc should be explicitly linked in
configure:9805: gcc -c -g -O2  conftest.c >&5
configure:9808: $? = 0
configure:9823: gcc -shared  -fPIC -DPIC conftest.o  -v -Wl,-soname -Wl,conftest -o conftest 2\>\&1 \| /usr/bin/grep  -lc  \>/dev/null 2\>\&1
configure:9826: $? = 0
configure:9840: result: no
configure:10000: checking dynamic linker characteristics
configure:10511: gcc -o conftest -g -O2   -Wl,-rpath -Wl,/foo conftest.c  >&5
configure:10511: $? = 0
configure:10737: result: GNU/Linux ld.so
configure:10844: checking how to hardcode library paths into programs
configure:10869: result: immediate
configure:11409: checking whether stripping libraries is possible
configure:11414: result: yes
configure:11449: checking if libtool supports shared libraries
configure:11451: result: yes
configure:11454: checking whether to build shared libraries
configure:11475: result: yes
configure:11478: checking whether to build static libraries
configure:11482: result: yes
configure:11577: checking for gcc
configure:11604: result: gcc
configure:11833: checking for C compiler version
configure:11842: gcc --version >&5
gcc (GCC) 4.8.5 20150623 (Red Hat 4.8.5-11)
Copyright (C) 2015 Free Software Foundation, Inc.
This is free software; see the source for copying conditions.  There is NO
warranty; not even for MERCHANTABILITY or FITNESS FOR A PARTICULAR PURPOSE.

configure:11853: $? = 0
configure:11842: gcc -v >&5
Using built-in specs.
COLLECT_GCC=gcc
COLLECT_LTO_WRAPPER=/usr/libexec/gcc/x86_64-redhat-linux/4.8.5/lto-wrapper
Target: x86_64-redhat-linux
Configured with: ../configure --prefix=/usr --mandir=/usr/share/man --infodir=/usr/share/info --with-bugurl=http://bugzilla.redhat.com/bugzilla --enable-bootstrap --enable-shared --enable-threads=posix --enable-checking=release --with-system-zlib --enable-__cxa_atexit --disable-libunwind-exceptions --enable-gnu-unique-object --enable-linker-build-id --with-linker-hash-style=gnu --enable-languages=c,c++,objc,obj-c++,java,fortran,ada,go,lto --enable-plugin --enable-initfini-array --disable-libgcj --with-isl=/builddir/build/BUILD/gcc-4.8.5-20150702/obj-x86_64-redhat-linux/isl-install --with-cloog=/builddir/build/BUILD/gcc-4.8.5-20150702/obj-x86_64-redhat-linux/cloog-install --enable-gnu-indirect-function --with-tune=generic --with-arch_32=x86-64 --build=x86_64-redhat-linux
Thread model: posix
gcc version 4.8.5 20150623 (Red Hat 4.8.5-11) (GCC) 
configure:11853: $? = 0
configure:11842: gcc -V >&5
gcc: error: unrecognized command line option '-V'
gcc: fatal error: no input files
compilation terminated.
configure:11853: $? = 4
configure:11842: gcc -qversion >&5
gcc: error: unrecognized command line option '-qversion'
gcc: fatal error: no input files
compilation terminated.
configure:11853: $? = 4
configure:11857: checking whether we are using the GNU C compiler
configure:11885: result: yes
configure:11894: checking whether gcc accepts -g
configure:11955: result: yes
configure:11972: checking for gcc option to accept ISO C89
configure:12048: result: none needed
configure:12070: checking dependency style of gcc
configure:12181: result: gcc3
configure:12200: checking size of long
configure:12205: gcc -o conftest -g -O2   conftest.c  >&5
configure:12205: $? = 0
configure:12205: ./conftest
configure:12205: $? = 0
configure:12219: result: 8
configure:12232: checking for ibv_get_device_list in -libverbs
configure:12257: gcc -o conftest -g -O2   conftest.c -libverbs   >&5
configure:12257: $? = 0
configure:12266: result: yes
configure:12283: checking sysfs/libsysfs.h usability
configure:12283: gcc -c -g -O2  conftest.c >&5
conftest.c:58:28: fatal error: sysfs/libsysfs.h: No such file or directory
 #include <sysfs/libsysfs.h>
                            ^
compilation terminated.
configure:12283: $? = 1
configure: failed program was:
| /* confdefs.h */
| #define PACKAGE_NAME "libbnxtre"
| #define PACKAGE_TARNAME "libbnxtre"
| #define PACKAGE_VERSION "20.6.1.2"
| #define PACKAGE_STRING "libbnxtre 20.6.1.2"
| #define PACKAGE_BUGREPORT ""
| #define PACKAGE_URL ""
| #define PACKAGE "libbnxtre"
| #define VERSION "20.6.1.2"
| #define STDC_HEADERS 1
| #define HAVE_SYS_TYPES_H 1
| #define HAVE_SYS_STAT_H 1
| #define HAVE_STDLIB_H 1
| #define HAVE_STRING_H 1
| #define HAVE_MEMORY_H 1
| #define HAVE_STRINGS_H 1
| #define HAVE_INTTYPES_H 1
| #define HAVE_STDINT_H 1
| #define HAVE_UNISTD_H 1
| #define HAVE_DLFCN_H 1
| #define LT_OBJDIR ".libs/"
| #define SIZEOF_LONG 8
| #define HAVE_LIBIBVERBS 1
| /* end confdefs.h.  */
| #include <stdio.h>
| #ifdef HAVE_SYS_TYPES_H
| # include <sys/types.h>
| #endif
| #ifdef HAVE_SYS_STAT_H
| # include <sys/stat.h>
| #endif
| #ifdef STDC_HEADERS
| # include <stdlib.h>
| # include <stddef.h>
| #else
| # ifdef HAVE_STDLIB_H
| #  include <stdlib.h>
| # endif
| #endif
| #ifdef HAVE_STRING_H
| # if !defined STDC_HEADERS && defined HAVE_MEMORY_H
| #  include <memory.h>
| # endif
| # include <string.h>
| #endif
| #ifdef HAVE_STRINGS_H
| # include <strings.h>
| #endif
| #ifdef HAVE_INTTYPES_H
| # include <inttypes.h>
| #endif
| #ifdef HAVE_STDINT_H
| # include <stdint.h>
| #endif
| #ifdef HAVE_UNISTD_H
| # include <unistd.h>
| #endif
| #include <sysfs/libsysfs.h>
configure:12283: result: no
configure:12283: checking sysfs/libsysfs.h presence
configure:12283: gcc -E  conftest.c
conftest.c:25:28: fatal error: sysfs/libsysfs.h: No such file or directory
 #include <sysfs/libsysfs.h>
                            ^
compilation terminated.
configure:12283: $? = 1
configure: failed program was:
| /* confdefs.h */
| #define PACKAGE_NAME "libbnxtre"
| #define PACKAGE_TARNAME "libbnxtre"
| #define PACKAGE_VERSION "20.6.1.2"
| #define PACKAGE_STRING "libbnxtre 20.6.1.2"
| #define PACKAGE_BUGREPORT ""
| #define PACKAGE_URL ""
| #define PACKAGE "libbnxtre"
| #define VERSION "20.6.1.2"
| #define STDC_HEADERS 1
| #define HAVE_SYS_TYPES_H 1
| #define HAVE_SYS_STAT_H 1
| #define HAVE_STDLIB_H 1
| #define HAVE_STRING_H 1
| #define HAVE_MEMORY_H 1
| #define HAVE_STRINGS_H 1
| #define HAVE_INTTYPES_H 1
| #define HAVE_STDINT_H 1
| #define HAVE_UNISTD_H 1
| #define HAVE_DLFCN_H 1
| #define LT_OBJDIR ".libs/"
| #define SIZEOF_LONG 8
| #define HAVE_LIBIBVERBS 1
| /* end confdefs.h.  */
| #include <sysfs/libsysfs.h>
configure:12283: result: no
configure:12283: checking for sysfs/libsysfs.h
configure:12283: result: no
configure:12296: checking infiniband/driver.h usability
configure:12296: gcc -c -g -O2  conftest.c >&5
configure:12296: $? = 0
configure:12296: result: yes
configure:12296: checking infiniband/driver.h presence
configure:12296: gcc -E  conftest.c
configure:12296: $? = 0
configure:12296: result: yes
configure:12296: checking for infiniband/driver.h
configure:12296: result: yes
configure:12304: checking for ANSI C header files
configure:12408: result: yes
configure:12418: checking for an ANSI C-conforming const
configure:12484: gcc -c -g -O2  conftest.c >&5
configure:12484: $? = 0
configure:12491: result: yes
configure:12503: checking for ibv_read_sysfs_file
configure:12503: gcc -o conftest -g -O2   conftest.c -libverbs  >&5
configure:12503: $? = 0
configure:12503: result: yes
configure:12503: checking for ibv_register_driver
configure:12503: gcc -o conftest -g -O2   conftest.c -libverbs  >&5
/tmp/ccK2KmKz.o: In function `main':
/root/20.06.01.05/libbnxtre-20.6.1.2/conftest.c:61: undefined reference to `ibv_register_driver'
collect2: error: ld returned 1 exit status
configure:12503: $? = 1
configure: failed program was:
| /* confdefs.h */
| #define PACKAGE_NAME "libbnxtre"
| #define PACKAGE_TARNAME "libbnxtre"
| #define PACKAGE_VERSION "20.6.1.2"
| #define PACKAGE_STRING "libbnxtre 20.6.1.2"
| #define PACKAGE_BUGREPORT ""
| #define PACKAGE_URL ""
| #define PACKAGE "libbnxtre"
| #define VERSION "20.6.1.2"
| #define STDC_HEADERS 1
| #define HAVE_SYS_TYPES_H 1
| #define HAVE_SYS_STAT_H 1
| #define HAVE_STDLIB_H 1
| #define HAVE_STRING_H 1
| #define HAVE_MEMORY_H 1
| #define HAVE_STRINGS_H 1
| #define HAVE_INTTYPES_H 1
| #define HAVE_STDINT_H 1
| #define HAVE_UNISTD_H 1
| #define HAVE_DLFCN_H 1
| #define LT_OBJDIR ".libs/"
| #define SIZEOF_LONG 8
| #define HAVE_LIBIBVERBS 1
| #define STDC_HEADERS 1
| #define HAVE_IBV_READ_SYSFS_FILE 1
| /* end confdefs.h.  */
| /* Define ibv_register_driver to an innocuous variant, in case <limits.h> declares ibv_register_driver.
|    For example, HP-UX 11i <limits.h> declares gettimeofday.  */
| #define ibv_register_driver innocuous_ibv_register_driver
| 
| /* System header to define __stub macros and hopefully few prototypes,
|     which can conflict with char ibv_register_driver (); below.
|     Prefer <limits.h> to <assert.h> if __STDC__ is defined, since
|     <limits.h> exists even on freestanding compilers.  */
| 
| #ifdef __STDC__
| # include <limits.h>
| #else
| # include <assert.h>
| #endif
| 
| #undef ibv_register_driver
| 
| /* Override any GCC internal prototype to avoid an error.
|    Use char because int might match the return type of a GCC
|    builtin and then its argument prototype would still apply.  */
| #ifdef __cplusplus
| extern "C"
| #endif
| char ibv_register_driver ();
| /* The GNU C library defines this for functions which it implements
|     to always fail with ENOSYS.  Some functions are actually named
|     something starting with __ and the normal name is an alias.  */
| #if defined __stub_ibv_register_driver || defined __stub___ibv_register_driver
| choke me
| #endif
| 
| int
| main ()
| {
| return ibv_register_driver ();
|   ;
|   return 0;
| }
configure:12503: result: no
configure:12525: checking for new definition of struct ibv_send_wr
configure:12536: result: yes
configure:12547: checking for compile time macro definitions
configure:12549: result: yes
configure:12555: checking whether ld accepts --version-script
configure:12566: result: yes
configure:12696: checking that generated files are newer than configure
configure:12702: result: done
configure:12737: creating ./config.status

## ---------------------- ##
## Running config.status. ##
## ---------------------- ##

This file was extended by libbnxtre config.status 20.6.1.2, which was
generated by GNU Autoconf 2.69.  Invocation command line was

  CONFIG_FILES    = 
  CONFIG_HEADERS  = 
  CONFIG_LINKS    = 
  CONFIG_COMMANDS = 
  $ ./config.status 

on h082

config.status:1092: creating Makefile
config.status:1092: creating libbnxtre.spec
config.status:1092: creating config.h
config.status:1273: config.h is unchanged
config.status:1321: executing depfiles commands
config.status:1321: executing libtool commands

## ---------------- ##
## Cache variables. ##
## ---------------- ##

ac_cv_build=x86_64-unknown-linux-gnu
ac_cv_c_compiler_gnu=yes
ac_cv_c_const=yes
ac_cv_env_CC_set=
ac_cv_env_CC_value=
ac_cv_env_CFLAGS_set=
ac_cv_env_CFLAGS_value=
ac_cv_env_CPPFLAGS_set=
ac_cv_env_CPPFLAGS_value=
ac_cv_env_CPP_set=
ac_cv_env_CPP_value=
ac_cv_env_LDFLAGS_set=
ac_cv_env_LDFLAGS_value=
ac_cv_env_LIBS_set=
ac_cv_env_LIBS_value=
ac_cv_env_build_alias_set=
ac_cv_env_build_alias_value=
ac_cv_env_host_alias_set=
ac_cv_env_host_alias_value=
ac_cv_env_target_alias_set=
ac_cv_env_target_alias_value=
ac_cv_func_ibv_read_sysfs_file=yes
ac_cv_func_ibv_register_driver=no
ac_cv_header_dlfcn_h=yes
ac_cv_header_infiniband_driver_h=yes
ac_cv_header_inttypes_h=yes
ac_cv_header_memory_h=yes
ac_cv_header_stdc=yes
ac_cv_header_stdint_h=yes
ac_cv_header_stdlib_h=yes
ac_cv_header_string_h=yes
ac_cv_header_strings_h=yes
ac_cv_header_sys_stat_h=yes
ac_cv_header_sys_types_h=yes
ac_cv_header_sysfs_libsysfs_h=no
ac_cv_header_unistd_h=yes
ac_cv_host=x86_64-unknown-linux-gnu
ac_cv_lib_ibverbs_ibv_get_device_list=yes
ac_cv_objext=o
ac_cv_path_EGREP='/usr/bin/grep -E'
ac_cv_path_FGREP='/usr/bin/grep -F'
ac_cv_path_GREP=/usr/bin/grep
ac_cv_path_SED=/usr/bin/sed
ac_cv_path_install='/usr/bin/install -c'
ac_cv_path_mkdir=/usr/bin/mkdir
ac_cv_prog_AWK=gawk
ac_cv_prog_CPP='gcc -E'
ac_cv_prog_ac_ct_AR=ar
ac_cv_prog_ac_ct_CC=gcc
ac_cv_prog_ac_ct_OBJDUMP=objdump
ac_cv_prog_ac_ct_RANLIB=ranlib
ac_cv_prog_ac_ct_STRIP=strip
ac_cv_prog_cc_c89=
ac_cv_prog_cc_g=yes
ac_cv_prog_make_make_set=yes
ac_cv_sizeof_long=8
ac_cv_version_script=yes
am_cv_CC_dependencies_compiler_type=gcc3
am_cv_make_support_nested_variables=yes
lt_cv_ar_at_file=@
lt_cv_archive_cmds_need_lc=no
lt_cv_deplibs_check_method=pass_all
lt_cv_file_magic_cmd='$MAGIC_CMD'
lt_cv_file_magic_test_file=
lt_cv_ld_reload_flag=-r
lt_cv_nm_interface='BSD nm'
lt_cv_objdir=.libs
lt_cv_path_LD=/usr/bin/ld
lt_cv_path_NM='/usr/bin/nm -B'
lt_cv_path_mainfest_tool=no
lt_cv_prog_compiler_c_o=yes
lt_cv_prog_compiler_pic='-fPIC -DPIC'
lt_cv_prog_compiler_pic_works=yes
lt_cv_prog_compiler_rtti_exceptions=no
lt_cv_prog_compiler_static_works=no
lt_cv_prog_gnu_ld=yes
lt_cv_sharedlib_from_linklib_cmd='printf %s\n'
lt_cv_shlibpath_overrides_runpath=no
lt_cv_sys_global_symbol_pipe='sed -n -e '\''s/^.*[	 ]\([ABCDGIRSTW][ABCDGIRSTW]*\)[	 ][	 ]*\([_A-Za-z][_A-Za-z0-9]*\)$/\1 \2 \2/p'\'' | sed '\''/ __gnu_lto/d'\'''
lt_cv_sys_global_symbol_to_c_name_address='sed -n -e '\''s/^: \([^ ]*\)[ ]*$/  {\"\1\", (void *) 0},/p'\'' -e '\''s/^[ABCDGIRSTW]* \([^ ]*\) \([^ ]*\)$/  {"\2", (void *) \&\2},/p'\'''
lt_cv_sys_global_symbol_to_c_name_address_lib_prefix='sed -n -e '\''s/^: \([^ ]*\)[ ]*$/  {\"\1\", (void *) 0},/p'\'' -e '\''s/^[ABCDGIRSTW]* \([^ ]*\) \(lib[^ ]*\)$/  {"\2", (void *) \&\2},/p'\'' -e '\''s/^[ABCDGIRSTW]* \([^ ]*\) \([^ ]*\)$/  {"lib\2", (void *) \&\2},/p'\'''
lt_cv_sys_global_symbol_to_cdecl='sed -n -e '\''s/^T .* \(.*\)$/extern int \1();/p'\'' -e '\''s/^[ABCDGIRSTW]* .* \(.*\)$/extern char \1;/p'\'''
lt_cv_sys_max_cmd_len=1572864
lt_cv_to_host_file_cmd=func_convert_file_noop
lt_cv_to_tool_file_cmd=func_convert_file_noop

## ----------------- ##
## Output variables. ##
## ----------------- ##

ACLOCAL='${SHELL} /root/20.06.01.05/libbnxtre-20.6.1.2/config/missing aclocal-1.13'
AMDEPBACKSLASH='\'
AMDEP_FALSE='#'
AMDEP_TRUE=''
AMTAR='$${TAR-tar}'
AM_BACKSLASH='\'
AM_DEFAULT_V='$(AM_DEFAULT_VERBOSITY)'
AM_DEFAULT_VERBOSITY='1'
AM_V='$(V)'
AR='ar'
AUTOCONF='${SHELL} /root/20.06.01.05/libbnxtre-20.6.1.2/config/missing autoconf'
AUTOHEADER='${SHELL} /root/20.06.01.05/libbnxtre-20.6.1.2/config/missing autoheader'
AUTOMAKE='${SHELL} /root/20.06.01.05/libbnxtre-20.6.1.2/config/missing automake-1.13'
AWK='gawk'
CC='gcc'
CCDEPMODE='depmode=gcc3'
CFLAGS='-g -O2'
CPP='gcc -E'
CPPFLAGS=''
CYGPATH_W='echo'
DEFS='-DHAVE_CONFIG_H'
DEPDIR='.deps'
DLLTOOL='false'
DSYMUTIL=''
DUMPBIN=''
ECHO_C=''
ECHO_N='-n'
ECHO_T=''
EGREP='/usr/bin/grep -E'
EXEEXT=''
FGREP='/usr/bin/grep -F'
FMODEL_FALSE=''
FMODEL_TRUE='#'
GREP='/usr/bin/grep'
HAVE_LD_VERSION_SCRIPT_FALSE='#'
HAVE_LD_VERSION_SCRIPT_TRUE=''
IBV_DEVICE_LIBRARY_EXTENSION='rdmav2'
INSTALL_DATA='${INSTALL} -m 644'
INSTALL_PROGRAM='${INSTALL}'
INSTALL_SCRIPT='${INSTALL}'
INSTALL_STRIP_PROGRAM='$(install_sh) -c -s'
LD='/usr/bin/ld -m elf_x86_64'
LDFLAGS=''
LIBOBJS=''
LIBS='-libverbs '
LIBTOOL='$(SHELL) $(top_builddir)/libtool'
LIPO=''
LN_S='ln -s'
LTLIBOBJS=''
MAKEINFO='${SHELL} /root/20.06.01.05/libbnxtre-20.6.1.2/config/missing makeinfo'
MANIFEST_TOOL=':'
MKDIR_P='/usr/bin/mkdir -p'
NM='/usr/bin/nm -B'
NMEDIT=''
OBJDUMP='objdump'
OBJEXT='o'
OTOOL64=''
OTOOL=''
PACKAGE='libbnxtre'
PACKAGE_BUGREPORT=''
PACKAGE_NAME='libbnxtre'
PACKAGE_STRING='libbnxtre 20.6.1.2'
PACKAGE_TARNAME='libbnxtre'
PACKAGE_URL=''
PACKAGE_VERSION='20.6.1.2'
PATH_SEPARATOR=':'
RANLIB='ranlib'
SED='/usr/bin/sed'
SET_MAKE=''
SHELL='/bin/sh'
STRIP='strip'
VERSION='20.6.1.2'
ac_ct_AR='ar'
ac_ct_CC='gcc'
ac_ct_DUMPBIN=''
am__EXEEXT_FALSE=''
am__EXEEXT_TRUE='#'
am__fastdepCC_FALSE='#'
am__fastdepCC_TRUE=''
am__include='include'
am__isrc=''
am__leading_dot='.'
am__nodep='_no'
am__quote=''
am__tar='$${TAR-tar} chof - "$$tardir"'
am__untar='$${TAR-tar} xf -'
bindir='${exec_prefix}/bin'
build='x86_64-unknown-linux-gnu'
build_alias=''
build_cpu='x86_64'
build_os='linux-gnu'
build_vendor='unknown'
datadir='${datarootdir}'
datarootdir='${prefix}/share'
docdir='${datarootdir}/doc/${PACKAGE_TARNAME}'
dvidir='${docdir}'
exec_prefix='${prefix}'
host='x86_64-unknown-linux-gnu'
host_alias=''
host_cpu='x86_64'
host_os='linux-gnu'
host_vendor='unknown'
htmldir='${docdir}'
includedir='${prefix}/include'
infodir='${datarootdir}/info'
install_sh='${SHELL} /root/20.06.01.05/libbnxtre-20.6.1.2/config/install-sh'
libdir='${exec_prefix}/lib'
libexecdir='${exec_prefix}/libexec'
localedir='${datarootdir}/locale'
localstatedir='${prefix}/var'
mandir='${datarootdir}/man'
mkdir_p='$(MKDIR_P)'
oldincludedir='/usr/include'
pdfdir='${docdir}'
prefix='/usr/local'
program_transform_name='s,x,x,'
psdir='${docdir}'
sbindir='${exec_prefix}/sbin'
sharedstatedir='${prefix}/com'
sysconfdir='${prefix}/etc'
target_alias=''

## ----------- ##
## confdefs.h. ##
## ----------- ##

/* confdefs.h */
#define PACKAGE_NAME "libbnxtre"
#define PACKAGE_TARNAME "libbnxtre"
#define PACKAGE_VERSION "20.6.1.2"
#define PACKAGE_STRING "libbnxtre 20.6.1.2"
#define PACKAGE_BUGREPORT ""
#define PACKAGE_URL ""
#define PACKAGE "libbnxtre"
#define VERSION "20.6.1.2"
#define STDC_HEADERS 1
#define HAVE_SYS_TYPES_H 1
#define HAVE_SYS_STAT_H 1
#define HAVE_STDLIB_H 1
#define HAVE_STRING_H 1
#define HAVE_MEMORY_H 1
#define HAVE_STRINGS_H 1
#define HAVE_INTTYPES_H 1
#define HAVE_STDINT_H 1
#define HAVE_UNISTD_H 1
#define HAVE_DLFCN_H 1
#define LT_OBJDIR ".libs/"
#define SIZEOF_LONG 8
#define HAVE_LIBIBVERBS 1
#define STDC_HEADERS 1
#define HAVE_IBV_READ_SYSFS_FILE 1
#define HAVE_WR_BIND_MW 1
#define HAVE_J8916_ENABLED 1

configure: exit 0
